C51 COMPILER V9.56.0.0   OBSTACLE_FOLLOWER                                                 06/20/2017 23:33:17 PAGE 1   


C51 COMPILER V9.56.0.0, COMPILATION OF MODULE OBSTACLE_FOLLOWER
OBJECT MODULE PLACED IN .\Objects\Obstacle Follower.obj
COMPILER INVOKED BY: C:\Keil_v5\C51\BIN\C51.EXE Obstacle Follower.c OPTIMIZE(8,SPEED) BROWSE DEBUG OBJECTEXTEND PRINT(.\
                    -Listings\Obstacle Follower.lst) TABS(2) OBJECT(.\Objects\Obstacle Follower.obj)

line level    source

   1          #include<reg52.h>
   2          #include<stdio.h>
   3          #define lt 0x06;
   4          #define rt 0x09;
   5          #define st 0x0a;
   6          #define rev 0x05;
   7          #define stop 0x00;
   8          unsigned int a,i,j,b;
   9          void delay(unsigned int t)
  10          {
  11   1        for(i=0;i<t;i++);
  12   1      { 
  13   2        for(j=0;j<1275;j++);
  14   2      }
  15   1      }
  16          
  17          void main()
  18          {
  19   1      while(1)
  20   1      {
  21   2      a=P1&0x0c;
  22   2      if(a==0x00)
  23   2      {
  24   3        P2=stop;
  25   3      }
  26   2      if(a==0x08)
  27   2      {
  28   3        P2=st;
  29   3        P2=lt;
  30   3      }
  31   2      if(a==0x04)
  32   2      {
  33   3        P2=st;
  34   3        P2=rt;
  35   3      }
  36   2      if(a==0x0c)
  37   2      {
  38   3        P2=st;
  39   3      }
  40   2      }
  41   1      }


MODULE INFORMATION:   STATIC OVERLAYABLE
   CODE SIZE        =    102    ----
   CONSTANT SIZE    =   ----    ----
   XDATA SIZE       =   ----    ----
   PDATA SIZE       =   ----    ----
   DATA SIZE        =      8    ----
   IDATA SIZE       =   ----    ----
   BIT SIZE         =   ----    ----
END OF MODULE INFORMATION.


C51 COMPILATION COMPLETE.  0 WARNING(S),  0 ERROR(S)
