C51 COMPILER V9.56.0.0   OBSTACLE_AVOIDER                                                  06/20/2017 23:36:36 PAGE 1   


C51 COMPILER V9.56.0.0, COMPILATION OF MODULE OBSTACLE_AVOIDER
OBJECT MODULE PLACED IN .\Objects\Obstacle Avoider.obj
COMPILER INVOKED BY: C:\Keil_v5\C51\BIN\C51.EXE Obstacle Avoider.c OPTIMIZE(8,SPEED) BROWSE DEBUG OBJECTEXTEND PRINT(.\L
                    -istings\Obstacle Avoider.lst) TABS(2) OBJECT(.\Objects\Obstacle Avoider.obj)

line level    source

   1          #include<reg52.h>
   2          #include<stdio.h>
   3          #define lt 0x06;
   4          #define rt 0x09;
   5          #define st 0x0a;
   6          #define rev 0x05;
   7          #define stop 0x00;
   8          unsigned int a,i,j,b;
   9          void delay(unsigned int t)
  10          {
  11   1        for(i=0;i<t;i++);
  12   1      { 
  13   2        for(j=0;j<1275;j++);
  14   2      }
  15   1      }
  16          
  17          void main()
  18          {
  19   1      while(1)
  20   1      {
  21   2      a=P1&0x0c;
  22   2      if(a==0x00)
  23   2      {
  24   3        P2=st;
  25   3      }
  26   2      if(a==0x08)
  27   2      {
  28   3        P2=rev;
  29   3        delay(1000);
  30   3        P2=rt;
  31   3        delay(1000);
  32   3      
  33   3      }
  34   2      if(a==0x04)
  35   2      {
  36   3        P2=rev;
  37   3        delay(1000);
  38   3        P2=lt;
  39   3        delay(1000);
  40   3      
  41   3      }
  42   2      if(a==0x0c)
  43   2      {
  44   3        P2=rev;
  45   3        delay(1000);
  46   3        P2=rt;
  47   3        delay(1000);
  48   3      }
  49   2      }
  50   1      }


MODULE INFORMATION:   STATIC OVERLAYABLE
   CODE SIZE        =    122    ----
C51 COMPILER V9.56.0.0   OBSTACLE_AVOIDER                                                  06/20/2017 23:36:36 PAGE 2   

   CONSTANT SIZE    =   ----    ----
   XDATA SIZE       =   ----    ----
   PDATA SIZE       =   ----    ----
   DATA SIZE        =      8    ----
   IDATA SIZE       =   ----    ----
   BIT SIZE         =   ----    ----
END OF MODULE INFORMATION.


C51 COMPILATION COMPLETE.  0 WARNING(S),  0 ERROR(S)
