C51 COMPILER V9.56.0.0   LINE_FOLLOWER                                                     06/19/2017 20:32:07 PAGE 1   


C51 COMPILER V9.56.0.0, COMPILATION OF MODULE LINE_FOLLOWER
OBJECT MODULE PLACED IN .\Objects\Line_follower.obj
COMPILER INVOKED BY: C:\Keil_v5\C51\BIN\C51.EXE Line_follower.c OPTIMIZE(8,SPEED) BROWSE DEBUG OBJECTEXTEND PRINT(.\List
                    -ings\Line_follower.lst) TABS(2) OBJECT(.\Objects\Line_follower.obj)

line level    source

   1          #include<reg52.h>
   2          #include<stdio.h>
   3          #define lt 0x06;
   4          #define rt 0x09;
   5          #define st 0x0a;
   6          #define stop 0x00;
   7          unsigned int a;
   8          void main()
   9          {
  10   1      while(1)
  11   1      {
  12   2      a=P1&0x0c;
  13   2      if(P1==0x00)
  14   2      {P2=stop;}
  15   2      if(P1==0x04)
  16   2      {P2=lt;}
  17   2      if(P1==0x08)
  18   2      {P2=rt;}
  19   2      if(P1==0x0c)
  20   2      {P2=st;}
  21   2      }
  22   1      }


MODULE INFORMATION:   STATIC OVERLAYABLE
   CODE SIZE        =     41    ----
   CONSTANT SIZE    =   ----    ----
   XDATA SIZE       =   ----    ----
   PDATA SIZE       =   ----    ----
   DATA SIZE        =      2    ----
   IDATA SIZE       =   ----    ----
   BIT SIZE         =   ----    ----
END OF MODULE INFORMATION.


C51 COMPILATION COMPLETE.  0 WARNING(S),  0 ERROR(S)
