C51 COMPILER V9.56.0.0   MAZE_SOLVER                                                       04/16/2018 11:13:01 PAGE 1   


C51 COMPILER V9.56.0.0, COMPILATION OF MODULE MAZE_SOLVER
OBJECT MODULE PLACED IN .\Objects\Maze Solver.obj
COMPILER INVOKED BY: C:\Keil_v5\C51\BIN\C51.EXE Maze Solver.c OPTIMIZE(8,SPEED) BROWSE DEBUG OBJECTEXTEND PRINT(.\Listin
                    -gs\Maze Solver.lst) TABS(2) OBJECT(.\Objects\Maze Solver.obj)

line level    source

   1          #include<stdio.h>
   2          #include<reg52.h>
   3          #define st 0x0a;
   4          #define lt 0x06;
   5          #define rt 0x09;
   6          #define stop 0x00;
   7          unsigned int i,j,a;
   8          void delay(unsigned int t)
   9          {
  10   1      for(i=0;i<t;i++)
  11   1      {
  12   2      for(j=0;j<1275;j++)
  13   2      {}
  14   2      }
  15   1      }
  16          void main()
  17          {
  18   1      while(1)
  19   1      {a=P1&0x07;
  20   2      if(a==0x03)
  21   2      {
  22   3      delay(30);
  23   3      P2=lt;
  24   3      delay(20);  
  25   3      }
  26   2      else if((a==0x05)||(a==0x01))
  27   2      {
  28   3      P2=st;
  29   3      }
  30   2      else if((a==0x02)||(a==0x04)||(a==0x06)||(a==0x07))
  31   2      {
  32   3      delay(30);
  33   3      P2=rt;
  34   3      delay(20);
  35   3      }
  36   2      else
  37   2      {
  38   3      delay(30);
  39   3      P2=stop;
  40   3      }}
  41   1      }


MODULE INFORMATION:   STATIC OVERLAYABLE
   CODE SIZE        =    154    ----
   CONSTANT SIZE    =   ----    ----
   XDATA SIZE       =   ----    ----
   PDATA SIZE       =   ----    ----
   DATA SIZE        =      6    ----
   IDATA SIZE       =   ----    ----
   BIT SIZE         =   ----    ----
END OF MODULE INFORMATION.


C51 COMPILATION COMPLETE.  0 WARNING(S),  0 ERROR(S)
